{
    "gt": {
        "Rust/0": [
            false,
            [
                false
            ]
        ],
        "Rust/1": [
            false,
            [
                false
            ]
        ],
        "Rust/2": [
            false,
            [
                false
            ]
        ],
        "Rust/3": [
            false,
            [
                false
            ]
        ],
        "Rust/4": [
            false,
            [
                false
            ]
        ],
        "Rust/5": [
            false,
            [
                false
            ]
        ],
        "Rust/6": [
            false,
            [
                false
            ]
        ],
        "Rust/7": [
            false,
            [
                false
            ]
        ],
        "Rust/8": [
            false,
            [
                false
            ]
        ],
        "Rust/9": [
            false,
            [
                false
            ]
        ],
        "Rust/10": [
            false,
            [
                false
            ]
        ],
        "Rust/11": [
            false,
            [
                false
            ]
        ],
        "Rust/12": [
            false,
            [
                false
            ]
        ],
        "Rust/13": [
            false,
            [
                false
            ]
        ],
        "Rust/14": [
            false,
            [
                false
            ]
        ],
        "Rust/15": [
            false,
            [
                false
            ]
        ],
        "Rust/16": [
            false,
            [
                false
            ]
        ],
        "Rust/17": [
            false,
            [
                false
            ]
        ],
        "Rust/18": [
            false,
            [
                false
            ]
        ],
        "Rust/19": [
            false,
            [
                false
            ]
        ],
        "Rust/20": [
            false,
            [
                false
            ]
        ],
        "Rust/21": [
            false,
            [
                false
            ]
        ],
        "Rust/22": [
            false,
            [
                false
            ]
        ],
        "Rust/23": [
            false,
            [
                false
            ]
        ],
        "Rust/24": [
            false,
            [
                false
            ]
        ],
        "Rust/25": [
            false,
            [
                false
            ]
        ],
        "Rust/26": [
            false,
            [
                false
            ]
        ],
        "Rust/27": [
            false,
            [
                false
            ]
        ],
        "Rust/28": [
            false,
            [
                false
            ]
        ],
        "Rust/29": [
            false,
            [
                false
            ]
        ],
        "Rust/30": [
            false,
            [
                false
            ]
        ],
        "Rust/31": [
            false,
            [
                false
            ]
        ],
        "Rust/33": [
            false,
            [
                false
            ]
        ],
        "Rust/34": [
            false,
            [
                false
            ]
        ],
        "Rust/35": [
            false,
            [
                false
            ]
        ],
        "Rust/36": [
            false,
            [
                false
            ]
        ],
        "Rust/37": [
            false,
            [
                false
            ]
        ],
        "Rust/38": [
            false,
            [
                false
            ]
        ],
        "Rust/39": [
            false,
            [
                false
            ]
        ],
        "Rust/40": [
            false,
            [
                false
            ]
        ],
        "Rust/41": [
            false,
            [
                false
            ]
        ],
        "Rust/42": [
            false,
            [
                false
            ]
        ],
        "Rust/43": [
            false,
            [
                false
            ]
        ],
        "Rust/44": [
            false,
            [
                false
            ]
        ],
        "Rust/45": [
            false,
            [
                false
            ]
        ],
        "Rust/46": [
            false,
            [
                false
            ]
        ],
        "Rust/47": [
            false,
            [
                false
            ]
        ],
        "Rust/48": [
            false,
            [
                false
            ]
        ],
        "Rust/49": [
            false,
            [
                false
            ]
        ],
        "Rust/50": [
            false,
            [
                false
            ]
        ],
        "Rust/51": [
            false,
            [
                false
            ]
        ],
        "Rust/52": [
            false,
            [
                false
            ]
        ],
        "Rust/53": [
            false,
            [
                false
            ]
        ],
        "Rust/54": [
            false,
            [
                false
            ]
        ],
        "Rust/55": [
            false,
            [
                false
            ]
        ],
        "Rust/56": [
            false,
            [
                false
            ]
        ],
        "Rust/57": [
            false,
            [
                false
            ]
        ],
        "Rust/58": [
            false,
            [
                false
            ]
        ],
        "Rust/59": [
            false,
            [
                false
            ]
        ],
        "Rust/60": [
            false,
            [
                false
            ]
        ],
        "Rust/61": [
            false,
            [
                false
            ]
        ],
        "Rust/62": [
            false,
            [
                false
            ]
        ],
        "Rust/63": [
            false,
            [
                false
            ]
        ],
        "Rust/64": [
            false,
            [
                false
            ]
        ],
        "Rust/65": [
            false,
            [
                false
            ]
        ],
        "Rust/66": [
            false,
            [
                false
            ]
        ],
        "Rust/67": [
            false,
            [
                false
            ]
        ],
        "Rust/68": [
            false,
            [
                false
            ]
        ],
        "Rust/69": [
            false,
            [
                false
            ]
        ],
        "Rust/70": [
            false,
            [
                false
            ]
        ],
        "Rust/71": [
            false,
            [
                false
            ]
        ],
        "Rust/72": [
            false,
            [
                false
            ]
        ],
        "Rust/73": [
            false,
            [
                false
            ]
        ],
        "Rust/74": [
            false,
            [
                false
            ]
        ],
        "Rust/75": [
            false,
            [
                false
            ]
        ],
        "Rust/76": [
            false,
            [
                false
            ]
        ],
        "Rust/77": [
            false,
            [
                false
            ]
        ],
        "Rust/78": [
            false,
            [
                false
            ]
        ],
        "Rust/79": [
            false,
            [
                false
            ]
        ],
        "Rust/80": [
            false,
            [
                false
            ]
        ],
        "Rust/81": [
            false,
            [
                false
            ]
        ],
        "Rust/82": [
            false,
            [
                false
            ]
        ],
        "Rust/83": [
            false,
            [
                false
            ]
        ],
        "Rust/84": [
            false,
            [
                false
            ]
        ],
        "Rust/85": [
            false,
            [
                false
            ]
        ],
        "Rust/86": [
            false,
            [
                false
            ]
        ],
        "Rust/87": [
            false,
            [
                false
            ]
        ],
        "Rust/88": [
            false,
            [
                false
            ]
        ],
        "Rust/89": [
            false,
            [
                false
            ]
        ],
        "Rust/90": [
            false,
            [
                false
            ]
        ],
        "Rust/91": [
            false,
            [
                false
            ]
        ],
        "Rust/92": [
            false,
            [
                false
            ]
        ],
        "Rust/93": [
            false,
            [
                false
            ]
        ],
        "Rust/94": [
            false,
            [
                false
            ]
        ],
        "Rust/95": [
            false,
            [
                false
            ]
        ],
        "Rust/96": [
            false,
            [
                false
            ]
        ],
        "Rust/97": [
            false,
            [
                false
            ]
        ],
        "Rust/98": [
            false,
            [
                false
            ]
        ],
        "Rust/99": [
            false,
            [
                false
            ]
        ],
        "Rust/100": [
            false,
            [
                false
            ]
        ],
        "Rust/101": [
            false,
            [
                false
            ]
        ],
        "Rust/102": [
            false,
            [
                false
            ]
        ],
        "Rust/103": [
            false,
            [
                false
            ]
        ],
        "Rust/104": [
            false,
            [
                false
            ]
        ],
        "Rust/105": [
            false,
            [
                false
            ]
        ],
        "Rust/106": [
            false,
            [
                false
            ]
        ],
        "Rust/107": [
            false,
            [
                false
            ]
        ],
        "Rust/108": [
            false,
            [
                false
            ]
        ],
        "Rust/109": [
            false,
            [
                false
            ]
        ],
        "Rust/110": [
            false,
            [
                false
            ]
        ],
        "Rust/111": [
            false,
            [
                false
            ]
        ],
        "Rust/112": [
            false,
            [
                false
            ]
        ],
        "Rust/113": [
            false,
            [
                false
            ]
        ],
        "Rust/114": [
            false,
            [
                false
            ]
        ],
        "Rust/115": [
            false,
            [
                false
            ]
        ],
        "Rust/116": [
            false,
            [
                false
            ]
        ],
        "Rust/117": [
            false,
            [
                false
            ]
        ],
        "Rust/118": [
            false,
            [
                false
            ]
        ],
        "Rust/119": [
            false,
            [
                false
            ]
        ],
        "Rust/120": [
            false,
            [
                false
            ]
        ],
        "Rust/121": [
            false,
            [
                false
            ]
        ],
        "Rust/122": [
            false,
            [
                false
            ]
        ],
        "Rust/123": [
            false,
            [
                false
            ]
        ],
        "Rust/124": [
            false,
            [
                false
            ]
        ],
        "Rust/125": [
            false,
            [
                false
            ]
        ],
        "Rust/126": [
            false,
            [
                false
            ]
        ],
        "Rust/127": [
            false,
            [
                false
            ]
        ],
        "Rust/128": [
            false,
            [
                false
            ]
        ],
        "Rust/129": [
            false,
            [
                false
            ]
        ],
        "Rust/130": [
            false,
            [
                false
            ]
        ],
        "Rust/131": [
            false,
            [
                false
            ]
        ],
        "Rust/132": [
            false,
            [
                false
            ]
        ],
        "Rust/133": [
            false,
            [
                false
            ]
        ],
        "Rust/134": [
            false,
            [
                false
            ]
        ],
        "Rust/135": [
            false,
            [
                false
            ]
        ],
        "Rust/136": [
            false,
            [
                false
            ]
        ],
        "Rust/137": [
            false,
            [
                false
            ]
        ],
        "Rust/138": [
            false,
            [
                false
            ]
        ],
        "Rust/139": [
            false,
            [
                false
            ]
        ],
        "Rust/140": [
            false,
            [
                false
            ]
        ],
        "Rust/141": [
            false,
            [
                false
            ]
        ],
        "Rust/142": [
            false,
            [
                false
            ]
        ],
        "Rust/143": [
            false,
            [
                false
            ]
        ],
        "Rust/144": [
            false,
            [
                false
            ]
        ],
        "Rust/145": [
            false,
            [
                false
            ]
        ],
        "Rust/146": [
            false,
            [
                false
            ]
        ],
        "Rust/147": [
            false,
            [
                false
            ]
        ],
        "Rust/148": [
            false,
            [
                false
            ]
        ],
        "Rust/149": [
            false,
            [
                false
            ]
        ],
        "Rust/150": [
            false,
            [
                false
            ]
        ],
        "Rust/151": [
            false,
            [
                false
            ]
        ],
        "Rust/152": [
            false,
            [
                false
            ]
        ],
        "Rust/153": [
            false,
            [
                false
            ]
        ],
        "Rust/154": [
            false,
            [
                false
            ]
        ],
        "Rust/155": [
            false,
            [
                false
            ]
        ],
        "Rust/156": [
            false,
            [
                false
            ]
        ],
        "Rust/157": [
            false,
            [
                false
            ]
        ],
        "Rust/158": [
            false,
            [
                false
            ]
        ],
        "Rust/159": [
            false,
            [
                false
            ]
        ],
        "Rust/160": [
            false,
            [
                false
            ]
        ],
        "Rust/161": [
            false,
            [
                false
            ]
        ],
        "Rust/162": [
            false,
            [
                false
            ]
        ],
        "Rust/163": [
            false,
            [
                false
            ]
        ]
    }
}