{
    "gt": {
        "array_concat": [
            true,
            [
                true,
                true,
                true,
                true,
                true,
                true
            ]
        ],
        "selectionsort": [
            true,
            [
                true,
                true,
                true,
                true,
                true,
                true
            ]
        ],
        "swap_arith": [
            true,
            [
                true,
                true,
                true,
                true,
                true,
                true
            ]
        ],
        "rotate": [
            false,
            [
                false,
                true,
                true,
                true,
                false,
                false
            ]
        ],
        "array_sum": [
            false,
            [
                true,
                true,
                false,
                true,
                false,
                false
            ]
        ],
        "only_once": [
            false,
            [
                true,
                true,
                false,
                true,
                false,
                false
            ]
        ],
        "min_array": [
            false,
            [
                true,
                true,
                false,
                true,
                false,
                false
            ]
        ],
        "cal_sum": [
            false,
            [
                true,
                true,
                false,
                true,
                false,
                false
            ]
        ],
        "integer_square_root": [
            false,
            [
                true,
                true,
                false,
                true,
                false,
                false
            ]
        ],
        "reverse": [
            false,
            [
                true,
                true,
                false,
                true,
                false,
                false
            ]
        ],
        "canyon_search": [
            false,
            [
                true,
                true,
                false,
                true,
                false,
                false
            ]
        ],
        "online_max": [
            false,
            [
                false,
                false,
                false,
                true,
                false,
                false
            ]
        ],
        "slope_search": [
            false,
            [
                false,
                false,
                false,
                true,
                false,
                false
            ]
        ],
        "is_palindrome": [
            false,
            [
                true,
                true,
                false,
                true,
                false,
                false
            ]
        ],
        "convert_map_key": [
            false,
            [
                false,
                true,
                false,
                true,
                false,
                false
            ]
        ],
        "copy_part": [
            false,
            [
                true,
                true,
                false,
                true,
                false,
                false
            ]
        ],
        "bubble_sort": [
            false,
            [
                true,
                true,
                false,
                true,
                false,
                false
            ]
        ],
        "cal_ans": [
            false,
            [
                true,
                true,
                false,
                true,
                false,
                false
            ]
        ],
        "triple": [
            false,
            [
                true,
                true,
                true,
                true,
                false,
                false
            ]
        ],
        "linear_search3": [
            false,
            [
                true,
                true,
                false,
                true,
                false,
                false
            ]
        ],
        "swap_in_array": [
            false,
            [
                true,
                true,
                false,
                true,
                false,
                false
            ]
        ],
        "seq_to_array": [
            false,
            [
                false,
                true,
                false,
                true,
                false,
                false
            ]
        ],
        "swap": [
            false,
            [
                true,
                true,
                false,
                true,
                false,
                false
            ]
        ],
        "triple3": [
            false,
            [
                true,
                true,
                false,
                true,
                false,
                true
            ]
        ],
        "abs": [
            false,
            [
                true,
                true,
                false,
                true,
                false,
                true
            ]
        ],
        "replace": [
            false,
            [
                true,
                true,
                false,
                true,
                false,
                false
            ]
        ],
        "set_to_seq": [
            false,
            [
                false,
                true,
                false,
                true,
                false,
                false
            ]
        ],
        "swap_bitvector": [
            false,
            [
                true,
                true,
                false,
                true,
                false,
                true
            ]
        ],
        "below_zero": [
            false,
            [
                true,
                true,
                false,
                true,
                false,
                false
            ]
        ],
        "update_array": [
            false,
            [
                true,
                false,
                false,
                true,
                false,
                true
            ]
        ],
        "array_append": [
            false,
            [
                true,
                true,
                false,
                true,
                false,
                false
            ]
        ],
        "is_even": [
            false,
            [
                true,
                true,
                false,
                true,
                false,
                true
            ]
        ],
        "multi_return": [
            false,
            [
                true,
                true,
                false,
                true,
                false,
                true
            ]
        ],
        "linear_search1": [
            false,
            [
                true,
                true,
                false,
                true,
                false,
                true
            ]
        ],
        "update_map": [
            false,
            [
                false,
                true,
                false,
                true,
                false,
                false
            ]
        ],
        "test_array": [
            false,
            [
                false,
                true,
                false,
                true,
                false,
                true
            ]
        ],
        "two_sum": [
            false,
            [
                false,
                true,
                false,
                true,
                false,
                false
            ]
        ],
        "longest_prefix": [
            false,
            [
                true,
                false,
                false,
                true,
                true,
                false
            ]
        ],
        "modify_2d_array": [
            false,
            [
                false,
                true,
                false,
                true,
                false,
                false
            ]
        ],
        "compare": [
            false,
            [
                true,
                true,
                true,
                true,
                false,
                false
            ]
        ],
        "linear_search2": [
            false,
            [
                true,
                false,
                false,
                true,
                false,
                false
            ]
        ],
        "return_seven": [
            false,
            [
                true,
                true,
                false,
                true,
                false,
                true
            ]
        ],
        "has_close_elements": [
            false,
            [
                false,
                true,
                false,
                true,
                false,
                false
            ]
        ],
        "triple2": [
            true,
            [
                true,
                true,
                true,
                true,
                true,
                true
            ]
        ],
        "array_copy": [
            false,
            [
                true,
                true,
                false,
                true,
                false,
                false
            ]
        ],
        "count_lessthan": [
            false,
            [
                false,
                true,
                false,
                true,
                false,
                false
            ]
        ],
        "triple4": [
            false,
            [
                true,
                true,
                false,
                true,
                false,
                true
            ]
        ],
        "binary_search": [
            false,
            [
                true,
                true,
                false,
                true,
                false,
                true
            ]
        ],
        "avg": [
            false,
            [
                true,
                true,
                false,
                true,
                false,
                true
            ]
        ],
        "even_list": [
            false,
            [
                false,
                true,
                false,
                true,
                false,
                false
            ]
        ],
        "max_array": [
            false,
            [
                true,
                true,
                false,
                true,
                false,
                true
            ]
        ],
        "insert": [
            false,
            [
                true,
                true,
                false,
                true,
                false,
                false
            ]
        ],
        "double_quadruple": [
            false,
            [
                true,
                true,
                false,
                true,
                false,
                true
            ]
        ],
        "min_of_two": [
            false,
            [
                true,
                true,
                false,
                true,
                false,
                true
            ]
        ],
        "quotient": [
            false,
            [
                true,
                false,
                false,
                true,
                false,
                true
            ]
        ],
        "all_digits": [
            false,
            [
                false,
                true,
                false,
                true,
                false,
                false
            ]
        ],
        "remove_front": [
            false,
            [
                true,
                true,
                false,
                true,
                false,
                true
            ]
        ],
        "array_product": [
            false,
            [
                true,
                true,
                false,
                true,
                false,
                false
            ]
        ],
        "swap_sim": [
            false,
            [
                true,
                true,
                false,
                true,
                false,
                true
            ]
        ],
        "find": [
            false,
            [
                true,
                true,
                false,
                true,
                false,
                false
            ]
        ]
    }
}